<?xml version="1.0" encoding="UTF-8"?>
<testng-results skipped="0" failed="0" total="1" passed="1">
  <reporter-output>
  </reporter-output>
  <suite name="Default suite" duration-ms="11123" started-at="2020-04-04T17:09:07Z" finished-at="2020-04-04T17:09:18Z">
    <groups>
    </groups>
    <test name="Default test" duration-ms="11123" started-at="2020-04-04T17:09:07Z" finished-at="2020-04-04T17:09:18Z">
      <class name="Scripts.Test1">
        <test-method status="PASS" signature="Script1()[pri:0, instance:Scripts.Test1@47f37ef1]" name="Script1" duration-ms="11100" started-at="2020-04-04T22:39:07Z" finished-at="2020-04-04T22:39:18Z">
          <reporter-output>
          </reporter-output>
        </test-method> <!-- Script1 -->
      </class> <!-- Scripts.Test1 -->
    </test> <!-- Default test -->
  </suite> <!-- Default suite -->
</testng-results>
